<?xml version="1.0" encoding="UTF-8"?>
<!-- Generated by org.testng.reporters.JUnitReportReporter -->
<testsuite hostname="DESKTOP-CL4KTUF" failures="0" tests="2" name="com.testRunner.TestRunner" time="108.098" errors="0" timestamp="2020-07-06T19:33:11 IST" skipped="0">
  <testcase classname="com.testRunner.TestRunner" name="runScenario" time="62.980"/>
  <system-out/>
  <testcase classname="com.testRunner.TestRunner" name="runScenario" time="45.118"/>
  <system-out/>
</testsuite> <!-- com.testRunner.TestRunner -->
