<?xml version="1.0" encoding="UTF-8"?>
<!-- Generated by org.testng.reporters.JUnitReportReporter -->
<testsuite hostname="DESKTOP-CL4KTUF" failures="0" tests="1" name="com.testRunner.TestRunner" time="38.475" errors="0" timestamp="2020-07-06T14:05:20 IST" skipped="0">
  <testcase classname="com.testRunner.TestRunner" name="runScenario" time="38.475"/>
  <system-out/>
</testsuite> <!-- com.testRunner.TestRunner -->
